<?xml version="1.0" encoding="UTF-8"?>
<testsuite xmlns:xsi="http://www.w3.org/2001/XMLSchema-instance" xsi:noNamespaceSchemaLocation="https://maven.apache.org/surefire/maven-surefire-plugin/xsd/surefire-test-report-3.0.xsd" version="3.0" name="com.example.bookhive.selenium.tests.RegressionTests" time="0.058" tests="4" errors="4" skipped="0" failures="0">
  <properties>
[...]
</properties>
  <testcase name="regression_search_non_existing_book" classname="com.example.bookhive.selenium.tests.RegressionTests" time="0.019">
    <error message="Cannot invoke &quot;org.openqa.selenium.WebDriver.get(String)&quot; because &quot;this.driver&quot; is null" type="java.lang.NullPointerException"><![CDATA[java.lang.NullPointerException: Cannot invoke "org.openqa.selenium.WebDriver.get(String)" because "this.driver" is null
	at com.example.bookhive.selenium.pages.HomePage.open(HomePage.java:18)
	at com.example.bookhive.selenium.tests.RegressionTests.regression_search_non_existing_book(RegressionTests.java:52)
	at java.base/java.lang.reflect.Method.invoke(Method.java:565)
	at java.base/java.util.ArrayList.forEach(ArrayList.java:1604)
	at java.base/java.util.ArrayList.forEach(ArrayList.java:1604)
]]></error>
  </testcase>
  <testcase name="regression_add_to_cart_and_checkout" classname="com.example.bookhive.selenium.tests.RegressionTests" time="0.006">
    <error message="Cannot invoke &quot;org.openqa.selenium.WebDriver.get(String)&quot; because &quot;this.driver&quot; is null" type="java.lang.NullPointerException"><![CDATA[java.lang.NullPointerException: Cannot invoke "org.openqa.selenium.WebDriver.get(String)" because "this.driver" is null
	at com.example.bookhive.selenium.pages.HomePage.open(HomePage.java:18)
	at com.example.bookhive.selenium.tests.RegressionTests.regression_add_to_cart_and_checkout(RegressionTests.java:13)
	at java.base/java.lang.reflect.Method.invoke(Method.java:565)
	at java.base/java.util.ArrayList.forEach(ArrayList.java:1604)
	at java.base/java.util.ArrayList.forEach(ArrayList.java:1604)
]]></error>
  </testcase>
  <testcase name="regression_login_with_wrong_password_fails" classname="com.example.bookhive.selenium.tests.RegressionTests" time="0.003">
    <error message="Cannot invoke &quot;org.openqa.selenium.WebDriver.get(String)&quot; because &quot;this.driver&quot; is null" type="java.lang.NullPointerException"><![CDATA[java.lang.NullPointerException: Cannot invoke "org.openqa.selenium.WebDriver.get(String)" because "this.driver" is null
	at com.example.bookhive.selenium.pages.HomePage.open(HomePage.java:18)
	at com.example.bookhive.selenium.tests.RegressionTests.regression_login_with_wrong_password_fails(RegressionTests.java:40)
	at java.base/java.lang.reflect.Method.invoke(Method.java:565)
	at java.base/java.util.ArrayList.forEach(ArrayList.java:1604)
	at java.base/java.util.ArrayList.forEach(ArrayList.java:1604)
]]></error>
  </testcase>
  <testcase name="regression_checkout_with_empty_cart_shows_error" classname="com.example.bookhive.selenium.tests.RegressionTests" time="0.008">
    <error message="Cannot invoke &quot;org.openqa.selenium.WebDriver.get(String)&quot; because &quot;this.driver&quot; is null" type="java.lang.NullPointerException"><![CDATA[java.lang.NullPointerException: Cannot invoke "org.openqa.selenium.WebDriver.get(String)" because "this.driver" is null
	at com.example.bookhive.selenium.pages.HomePage.open(HomePage.java:18)
	at com.example.bookhive.selenium.tests.RegressionTests.regression_checkout_with_empty_cart_shows_error(RegressionTests.java:62)
	at java.base/java.lang.reflect.Method.invoke(Method.java:565)
	at java.base/java.util.ArrayList.forEach(ArrayList.java:1604)
	at java.base/java.util.ArrayList.forEach(ArrayList.java:1604)
]]></error>
  </testcase>
</testsuite>